<?xml version="1.0" encoding="UTF-8"?>
<!-- Generated by org.testng.reporters.JUnitXMLReporter -->
<testsuite ignored="0" hostname="DESKTOP-62U3C5E" failures="1" tests="1" name="Surefire test" time="82.208" errors="0" timestamp="2023-03-10T19:55:10 IST">
  <testcase classname="io.cucumber.testng.AbstractTestNGCucumberTests" name="runScenario" time="80.423">
    <failure type="java.lang.AssertionError" message="expected [new arrival] but found [new arrivals]">
      <![CDATA[java.lang.AssertionError: expected [new arrival] but found [new arrivals]
at stepDefinitions.HomePageValidationsteps.user_should_redirected_to_the_home_screen(HomePageValidationsteps.java:60)
at ✽.User should redirected to the home screen(file:///C:/Users/developer/eclipse-workspace/DemoEcommerceAutomation/src/test/java/features/homepage.feature:10)
... Removed 6 stack frames]]>
    </failure>
  </testcase> <!-- runScenario -->
</testsuite> <!-- Surefire test -->
