<?xml version="1.0" encoding="UTF-8"?>
<!-- Generated by org.testng.reporters.JUnitXMLReporter -->
<testsuite ignored="0" hostname="DESKTOP-62U3C5E" failures="1" tests="1" name="Default test" time="25.144" errors="0" timestamp="2023-03-06T11:57:50 IST">
  <testcase classname="io.cucumber.testng.AbstractTestNGCucumberTests" name="runScenario" time="24.149">
    <failure type="java.lang.AssertionError" message="expected [Test] but found [new arrivals]">
      <![CDATA[java.lang.AssertionError: expected [Test] but found [new arrivals]
at org.testng.Assert.fail(Assert.java:110)
at org.testng.Assert.failNotEquals(Assert.java:1577)
at org.testng.Assert.assertEqualsImpl(Assert.java:149)
at org.testng.Assert.assertEquals(Assert.java:131)
at org.testng.Assert.assertEquals(Assert.java:655)
at org.testng.Assert.assertEquals(Assert.java:665)
at stepDefinitions.HomePageValidationsteps.user_should_redirected_to_the_home_screen(HomePageValidationsteps.java:62)
at ✽.User should redirected to the home screen(file:///C:/Users/developer/eclipse-workspace/DemoEcommerceAutomation/src/test/java/features/homepage.feature:10)
]]>
    </failure>
  </testcase> <!-- runScenario -->
</testsuite> <!-- Default test -->
