<?xml version="1.0" encoding="UTF-8"?>
<testng-results ignored="0" total="1" passed="1" failed="0" skipped="0">
  <reporter-output>
  </reporter-output>
  <suite started-at="2023-03-02T15:41:21 IST" name="Surefire suite" finished-at="2023-03-02T15:41:48 IST" duration-ms="26335">
    <groups>
      <group name="cucumber">
        <method signature="AbstractTestNGCucumberTests.runScenario(io.cucumber.testng.PickleWrapper,io.cucumber.testng.FeatureWrapper)[pri:0, instance:cucumber.Options.TestRunner@37654521]" name="runScenario" class="io.cucumber.testng.AbstractTestNGCucumberTests"/>
      </group> <!-- cucumber -->
    </groups>
    <test started-at="2023-03-02T15:41:21 IST" name="Surefire test" finished-at="2023-03-02T15:41:48 IST" duration-ms="26335">
      <class name="cucumber.Options.TestRunner">
        <test-method is-config="true" signature="setUpClass(org.testng.ITestContext)[pri:0, instance:cucumber.Options.TestRunner@37654521]" started-at="2023-03-02T15:41:21 IST" name="setUpClass" finished-at="2023-03-02T15:41:22 IST" duration-ms="508" status="PASS">
          <params>
            <param index="0">
              <value>
                <![CDATA[org.testng.TestRunner@3fc7c734]]>
              </value>
            </param>
          </params>
          <reporter-output>
          </reporter-output>
        </test-method> <!-- setUpClass -->
        <test-method signature="runScenario(io.cucumber.testng.PickleWrapper,io.cucumber.testng.FeatureWrapper)[pri:0, instance:cucumber.Options.TestRunner@37654521]" started-at="2023-03-02T15:41:22 IST" name="runScenario" description="Runs Cucumber Scenarios" data-provider="scenarios" finished-at="2023-03-02T15:41:47 IST" duration-ms="25141" status="PASS">
          <params>
            <param index="0">
              <value>
                <![CDATA["Home page with Three Slider and Three Arrivals only"]]>
              </value>
            </param>
            <param index="1">
              <value>
                <![CDATA["Validating the functionality associated with the Home Screen of the application"]]>
              </value>
            </param>
          </params>
          <reporter-output>
          </reporter-output>
        </test-method> <!-- runScenario -->
        <test-method is-config="true" signature="tearDownClass()[pri:0, instance:cucumber.Options.TestRunner@37654521]" started-at="2023-03-02T15:41:47 IST" name="tearDownClass" finished-at="2023-03-02T15:41:48 IST" duration-ms="592" status="PASS">
          <reporter-output>
          </reporter-output>
        </test-method> <!-- tearDownClass -->
      </class> <!-- cucumber.Options.TestRunner -->
    </test> <!-- Surefire test -->
  </suite> <!-- Surefire suite -->
</testng-results>
